(0000) 3000  0011000000000000 (  11)                 .ORIG x3000
(3000) 54A0  0101010010100000 (  12)                 AND   R2 R2 #0
(3001) 2611  0010011000010001 (  13)                 LD    R3 PTR
(3002) F020  1111000000100000 (  14)                 TRAP  x20
(3003) 62C0  0110001011000000 (  15)                 LDR   R1 R3 #0
(3004) 187C  0001100001111100 (  21) TEST            ADD   R4 R1 #-4
(3005) 0408  0000010000001000 (  22)                 BRZ   OUTPUT
(3006) 927F  1001001001111111 (  28)                 NOT   R1 R1
(3007) 1240  0001001001000000 (  29)                 ADD   R1 R1 R0
(3008) 927F  1001001001111111 (  30)                 NOT   R1 R1
(3009) 0A01  0000101000000001 (  31)                 BRNP  GETCHAR
(300A) 14A1  0001010010100001 (  32)                 ADD   R2 R2 #1
(300B) 16E1  0001011011100001 (  38) GETCHAR         ADD   R3 R3 #1
(300C) 62C0  0110001011000000 (  39)                 LDR   R1 R3 #0
(300D) 0FF6  0000111111110110 (  40)                 BRNZP TEST
(300E) 2003  0010000000000011 (  46) OUTPUT          LD    R0 ASCII
(300F) 1002  0001000000000010 (  47)                 ADD   R0 R0 R2
(3010) F021  1111000000100001 (  48)                 TRAP  x21
(3011) F025  1111000000100101 (  49)                 TRAP  x25
(3012) 0030  0000000000110000 (  55) ASCII           .FILL x0030
(3013) 4000  0100000000000000 (  56) PTR             .FILL x4000
