(0000) 3000  0011000000000000 (  37)                 .ORIG x3000
(3000) 5260  0101001001100000 (  39)                 AND   R1 R1 #0
(3001) 54A0  0101010010100000 (  40)                 AND   R2 R2 #0
(3002) 5B60  0101101101100000 (  41)                 AND   R5 R5 #0
(3003) 5DA0  0101110110100000 (  42)                 AND   R6 R6 #0
(3004) 2821  0010100000100001 (  44)                 LD    R4 ASCII
(3005) 2621  0010011000100001 (  45)                 LD    R3 NASCII
(3006) F023  1111000000100011 (  47)                 TRAP  x23
(3007) 1220  0001001000100000 (  48)                 ADD   R1 R0 #0
(3008) 1243  0001001001000011 (  49)                 ADD   R1 R1 R3
(3009) B240  1011001001000000 (  50)                 STI   R1 A
(300A) F023  1111000000100011 (  52)                 TRAP  x23
(300B) 1420  0001010000100000 (  53)                 ADD   R2 R0 #0
(300C) 1483  0001010010000011 (  54)                 ADD   R2 R2 R3
(300D) B43D  1011010000111101 (  55)                 STI   R2 B
(300E) 94BF  1001010010111111 (  57)                 NOT   R2 R2
(300F) 14A1  0001010010100001 (  58)                 ADD   R2 R2 #1
(3010) 0410  0000010000010000 (  60)                 BRZ   IsZero
(3011) 5020  0101000000100000 (  62)                 AND   R0 R0 #0
(3012) 1A60  0001101001100000 (  64)                 ADD   R5 R1 #0
(3013) 1DA1  0001110110100001 (  66) START           ADD   R6 R6 #1
(3014) 1B42  0001101101000010 (  67)                 ADD   R5 R5 R2
(3015) 07FD  0000011111111101 (  68)                 BRZP  START
(3016) 1DBF  0001110110111111 (  70)                 ADD   R6 R6 #-1
(3017) 5B60  0101101101100000 (  71)                 AND   R5 R5 #0
(3018) 1BA0  0001101110100000 (  72)                 ADD   R5 R6 #0
(3019) BA32  1011101000110010 (  73)                 STI   R5 RESULT
(301A) E00D  1110000000001101 (  75)                 LEA   R0 MSG
(301B) F022  1111000000100010 (  76)                 TRAP  x22
(301C) 1160  0001000101100000 (  77)                 ADD   R0 R5 #0
(301D) 1004  0001000000000100 (  78)                 ADD   R0 R0 R4
(301E) F021  1111000000100001 (  79)                 TRAP  x21
(301F) F025  1111000000100101 (  81)                 TRAP  x25
(3020) 0E2C  0000111000101100 (  83)                 BRNZP FINISH
(3021) 1B7F  0001101101111111 (  85) IsZero          ADD   R5 R5 #-1
(3022) E015  1110000000010101 (  86)                 LEA   R0 ZEROMSG
(3023) F022  1111000000100010 (  87)                 TRAP  x22
(3024) F025  1111000000100101 (  89)                 TRAP  x25
(3025) 0E27  0000111000100111 (  90)                 BRNZP FINISH
(3026) 0030  0000000000110000 (  92) ASCII           .FILL x0030
(3027) FFD0  1111111111010000 (  93) NASCII          .FILL xFFD0
(3028) 0054  0000000001010100 (  94) MSG             .FILL x0054
(3029) 0068  0000000001101000 (  94)                 .FILL x0068
(302A) 0065  0000000001100101 (  94)                 .FILL x0065
(302B) 0020  0000000000100000 (  94)                 .FILL x0020
(302C) 0061  0000000001100001 (  94)                 .FILL x0061
(302D) 006E  0000000001101110 (  94)                 .FILL x006E
(302E) 0073  0000000001110011 (  94)                 .FILL x0073
(302F) 0077  0000000001110111 (  94)                 .FILL x0077
(3030) 0065  0000000001100101 (  94)                 .FILL x0065
(3031) 0072  0000000001110010 (  94)                 .FILL x0072
(3032) 0020  0000000000100000 (  94)                 .FILL x0020
(3033) 0069  0000000001101001 (  94)                 .FILL x0069
(3034) 0073  0000000001110011 (  94)                 .FILL x0073
(3035) 003A  0000000000111010 (  94)                 .FILL x003A
(3036) 0020  0000000000100000 (  94)                 .FILL x0020
(3037) 0000  0000000000000000 (  94)                 .FILL x0000
(3038) 0054  0000000001010100 (  95) ZEROMSG         .FILL x0054
(3039) 0068  0000000001101000 (  95)                 .FILL x0068
(303A) 0065  0000000001100101 (  95)                 .FILL x0065
(303B) 0020  0000000000100000 (  95)                 .FILL x0020
(303C) 0061  0000000001100001 (  95)                 .FILL x0061
(303D) 006E  0000000001101110 (  95)                 .FILL x006E
(303E) 0073  0000000001110011 (  95)                 .FILL x0073
(303F) 0077  0000000001110111 (  95)                 .FILL x0077
(3040) 0065  0000000001100101 (  95)                 .FILL x0065
(3041) 0072  0000000001110010 (  95)                 .FILL x0072
(3042) 0020  0000000000100000 (  95)                 .FILL x0020
(3043) 0069  0000000001101001 (  95)                 .FILL x0069
(3044) 0073  0000000001110011 (  95)                 .FILL x0073
(3045) 003A  0000000000111010 (  95)                 .FILL x003A
(3046) 0020  0000000000100000 (  95)                 .FILL x0020
(3047) 002D  0000000000101101 (  95)                 .FILL x002D
(3048) 0031  0000000000110001 (  95)                 .FILL x0031
(3049) 0000  0000000000000000 (  95)                 .FILL x0000
(304A) 4000  0100000000000000 (  96) A               .FILL x4000
(304B) 4001  0100000000000001 (  97) B               .FILL x4001
(304C) 5000  0101000000000000 (  98) RESULT          .FILL x5000
(304D) 5020  0101000000100000 ( 100) FINISH          AND   R0 R0 #0
