(0000) 3000  0011000000000000 (   3)                 .ORIG x3000
(3000) E009  1110000000001001 (   4)                 LEA   R0 PROMPT
(3001) F022  1111000000100010 (   5)                 TRAP  x22
(3002) F020  1111000000100000 (   6)                 TRAP  x20
(3003) 1420  0001010000100000 (   7)                 ADD   R2 R0 #0
(3004) B401  1011010000000001 (   8)                 STI   R2 STORE_x4000
(3005) F025  1111000000100101 (   9)                 TRAP  x25
(3006) 4000  0100000000000000 (  11) STORE_x4000     .FILL x4000
(3007) 4001  0100000000000001 (  12) STORE_x4001     .FILL x4001
(3008) 5000  0101000000000000 (  13) STORE_x5000     .FILL x5000
(3009) 000A  0000000000001010 (  14) NEWLINE         .FILL x000A
(300A) 0049  0000000001001001 (  15) PROMPT          .FILL x0049
(300B) 006E  0000000001101110 (  15)                 .FILL x006E
(300C) 0070  0000000001110000 (  15)                 .FILL x0070
(300D) 0075  0000000001110101 (  15)                 .FILL x0075
(300E) 0074  0000000001110100 (  15)                 .FILL x0074
(300F) 0020  0000000000100000 (  15)                 .FILL x0020
(3010) 0061  0000000001100001 (  15)                 .FILL x0061
(3011) 0020  0000000000100000 (  15)                 .FILL x0020
(3012) 006E  0000000001101110 (  15)                 .FILL x006E
(3013) 0075  0000000001110101 (  15)                 .FILL x0075
(3014) 006D  0000000001101101 (  15)                 .FILL x006D
(3015) 0062  0000000001100010 (  15)                 .FILL x0062
(3016) 0065  0000000001100101 (  15)                 .FILL x0065
(3017) 0072  0000000001110010 (  15)                 .FILL x0072
(3018) 0020  0000000000100000 (  15)                 .FILL x0020
(3019) 0076  0000000001110110 (  15)                 .FILL x0076
(301A) 0061  0000000001100001 (  15)                 .FILL x0061
(301B) 006C  0000000001101100 (  15)                 .FILL x006C
(301C) 0075  0000000001110101 (  15)                 .FILL x0075
(301D) 0065  0000000001100101 (  15)                 .FILL x0065
(301E) 003A  0000000000111010 (  15)                 .FILL x003A
(301F) 0000  0000000000000000 (  15)                 .FILL x0000
