(0000) 3000  0011000000000000 (   6)                 .ORIG x3000
(3000) 5020  0101000000100000 (   8)                 AND   R0 R0 #0
(3001) 5260  0101001001100000 (   9)                 AND   R1 R1 #0
(3002) 54A0  0101010010100000 (  10)                 AND   R2 R2 #0
(3003) 56E0  0101011011100000 (  11)                 AND   R3 R3 #0
(3004) 5920  0101100100100000 (  12)                 AND   R4 R4 #0
(3005) 5B60  0101101101100000 (  13)                 AND   R5 R5 #0
(3006) E025  1110000000100101 (  15)                 LEA   R0 prompta
(3007) F022  1111000000100010 (  16)                 TRAP  x22
(3008) F020  1111000000100000 (  18) GETINa          TRAP  x20
(3009) 1636  0001011000110110 (  19)                 ADD   R3 R0 #-10
(300A) 0408  0000010000001000 (  20)                 BRZ   ECHOa
(300B) 4802  0100100000000010 (  21)                 JSR   STOREINa
(300C) F021  1111000000100001 (  22)                 TRAP  x21
(300D) 0FFA  0000111111111010 (  23)                 BRNZP GETINa
(300E) 2A19  0010101000011001 (  25) STOREINa        LD    R5 aSTRPtr
(300F) B018  1011000000011000 (  26)                 STI   R0 aSTRPtr
(3010) 1B61  0001101101100001 (  27)                 ADD   R5 R5 #1
(3011) 3A16  0011101000010110 (  28)                 ST    R5 aSTRPtr
(3012) C1C0  1100000111000000 (  29)                 RET   
(3013) 2015  0010000000010101 (  31) ECHOa           LD    R0 aSTRHead
(3014) F022  1111000000100010 (  32)                 TRAP  x22
(3015) E016  1110000000010110 (  34)                 LEA   R0 prompta
(3016) F022  1111000000100010 (  35)                 TRAP  x22
(3017) F020  1111000000100000 (  37) GETINb          TRAP  x20
(3018) 1636  0001011000110110 (  38)                 ADD   R3 R0 #-10
(3019) 0408  0000010000001000 (  39)                 BRZ   ECHOb
(301A) 4802  0100100000000010 (  40)                 JSR   STOREINb
(301B) F021  1111000000100001 (  41)                 TRAP  x21
(301C) 0FFA  0000111111111010 (  42)                 BRNZP GETINb
(301D) 2A0C  0010101000001100 (  44) STOREINb        LD    R5 bSTRPtr
(301E) B00B  1011000000001011 (  45)                 STI   R0 bSTRPtr
(301F) 1B61  0001101101100001 (  46)                 ADD   R5 R5 #1
(3020) 3A09  0011101000001001 (  47)                 ST    R5 bSTRPtr
(3021) C1C0  1100000111000000 (  48)                 RET   
(3022) 2008  0010000000001000 (  50) ECHOb           LD    R0 bSTRHead
(3023) F022  1111000000100010 (  51)                 TRAP  x22
(3024) F025  1111000000100101 (  53)                 TRAP  x25
(3025) 4000  0100000000000000 (  55) A               .FILL x4000
(3026) 4001  0100000000000001 (  56) B               .FILL x4001
(3027) 5000  0101000000000000 (  57) RESULT          .FILL x5000
(3028) 4100  0100000100000000 (  58) aSTRPtr         .FILL x4100
(3029) 4100  0100000100000000 (  59) aSTRHead        .FILL x4100
(302A) 4200  0100001000000000 (  60) bSTRPtr         .FILL x4200
(302B) 4200  0100001000000000 (  61) bSTRHead        .FILL x4200
(302C) 0054  0000000001010100 (  62) prompta         .FILL x0054
(302D) 006F  0000000001101111 (  62)                 .FILL x006F
(302E) 0020  0000000000100000 (  62)                 .FILL x0020
(302F) 0069  0000000001101001 (  62)                 .FILL x0069
(3030) 006E  0000000001101110 (  62)                 .FILL x006E
(3031) 0070  0000000001110000 (  62)                 .FILL x0070
(3032) 0075  0000000001110101 (  62)                 .FILL x0075
(3033) 0074  0000000001110100 (  62)                 .FILL x0074
(3034) 0020  0000000000100000 (  62)                 .FILL x0020
(3035) 0061  0000000001100001 (  62)                 .FILL x0061
(3036) 0020  0000000000100000 (  62)                 .FILL x0020
(3037) 006E  0000000001101110 (  62)                 .FILL x006E
(3038) 0075  0000000001110101 (  62)                 .FILL x0075
(3039) 006D  0000000001101101 (  62)                 .FILL x006D
(303A) 0062  0000000001100010 (  62)                 .FILL x0062
(303B) 0065  0000000001100101 (  62)                 .FILL x0065
(303C) 0072  0000000001110010 (  62)                 .FILL x0072
(303D) 0020  0000000000100000 (  62)                 .FILL x0020
(303E) 0076  0000000001110110 (  62)                 .FILL x0076
(303F) 0061  0000000001100001 (  62)                 .FILL x0061
(3040) 006C  0000000001101100 (  62)                 .FILL x006C
(3041) 0075  0000000001110101 (  62)                 .FILL x0075
(3042) 0065  0000000001100101 (  62)                 .FILL x0065
(3043) 0020  0000000000100000 (  62)                 .FILL x0020
(3044) 0066  0000000001100110 (  62)                 .FILL x0066
(3045) 006F  0000000001101111 (  62)                 .FILL x006F
(3046) 0072  0000000001110010 (  62)                 .FILL x0072
(3047) 0020  0000000000100000 (  62)                 .FILL x0020
(3048) 0074  0000000001110100 (  62)                 .FILL x0074
(3049) 0068  0000000001101000 (  62)                 .FILL x0068
(304A) 0065  0000000001100101 (  62)                 .FILL x0065
(304B) 0020  0000000000100000 (  62)                 .FILL x0020
(304C) 0076  0000000001110110 (  62)                 .FILL x0076
(304D) 0061  0000000001100001 (  62)                 .FILL x0061
(304E) 0072  0000000001110010 (  62)                 .FILL x0072
(304F) 0069  0000000001101001 (  62)                 .FILL x0069
(3050) 0061  0000000001100001 (  62)                 .FILL x0061
(3051) 0062  0000000001100010 (  62)                 .FILL x0062
(3052) 006C  0000000001101100 (  62)                 .FILL x006C
(3053) 0065  0000000001100101 (  62)                 .FILL x0065
(3054) 0020  0000000000100000 (  62)                 .FILL x0020
(3055) 0041  0000000001000001 (  62)                 .FILL x0041
(3056) 0020  0000000000100000 (  62)                 .FILL x0020
(3057) 0070  0000000001110000 (  62)                 .FILL x0070
(3058) 006C  0000000001101100 (  62)                 .FILL x006C
(3059) 0065  0000000001100101 (  62)                 .FILL x0065
(305A) 0061  0000000001100001 (  62)                 .FILL x0061
(305B) 0073  0000000001110011 (  62)                 .FILL x0073
(305C) 0065  0000000001100101 (  62)                 .FILL x0065
(305D) 0020  0000000000100000 (  62)                 .FILL x0020
(305E) 0065  0000000001100101 (  62)                 .FILL x0065
(305F) 006E  0000000001101110 (  62)                 .FILL x006E
(3060) 0074  0000000001110100 (  62)                 .FILL x0074
(3061) 0065  0000000001100101 (  62)                 .FILL x0065
(3062) 0072  0000000001110010 (  62)                 .FILL x0072
(3063) 0020  0000000000100000 (  62)                 .FILL x0020
(3064) 0064  0000000001100100 (  62)                 .FILL x0064
(3065) 0069  0000000001101001 (  62)                 .FILL x0069
(3066) 0067  0000000001100111 (  62)                 .FILL x0067
(3067) 0069  0000000001101001 (  62)                 .FILL x0069
(3068) 0074  0000000001110100 (  62)                 .FILL x0074
(3069) 0073  0000000001110011 (  62)                 .FILL x0073
(306A) 0020  0000000000100000 (  62)                 .FILL x0020
(306B) 0066  0000000001100110 (  62)                 .FILL x0066
(306C) 006F  0000000001101111 (  62)                 .FILL x006F
(306D) 006C  0000000001101100 (  62)                 .FILL x006C
(306E) 006C  0000000001101100 (  62)                 .FILL x006C
(306F) 006F  0000000001101111 (  62)                 .FILL x006F
(3070) 0077  0000000001110111 (  62)                 .FILL x0077
(3071) 0065  0000000001100101 (  62)                 .FILL x0065
(3072) 0064  0000000001100100 (  62)                 .FILL x0064
(3073) 0020  0000000000100000 (  62)                 .FILL x0020
(3074) 0062  0000000001100010 (  62)                 .FILL x0062
(3075) 0079  0000000001111001 (  62)                 .FILL x0079
(3076) 0020  0000000000100000 (  62)                 .FILL x0020
(3077) 005B  0000000001011011 (  62)                 .FILL x005B
(3078) 0045  0000000001000101 (  62)                 .FILL x0045
(3079) 006E  0000000001101110 (  62)                 .FILL x006E
(307A) 0074  0000000001110100 (  62)                 .FILL x0074
(307B) 0065  0000000001100101 (  62)                 .FILL x0065
(307C) 0072  0000000001110010 (  62)                 .FILL x0072
(307D) 005D  0000000001011101 (  62)                 .FILL x005D
(307E) 003A  0000000000111010 (  62)                 .FILL x003A
(307F) 0020  0000000000100000 (  62)                 .FILL x0020
(3080) 0000  0000000000000000 (  62)                 .FILL x0000
(3081) 0054  0000000001010100 (  63) promptb         .FILL x0054
(3082) 006F  0000000001101111 (  63)                 .FILL x006F
(3083) 0020  0000000000100000 (  63)                 .FILL x0020
(3084) 0069  0000000001101001 (  63)                 .FILL x0069
(3085) 006E  0000000001101110 (  63)                 .FILL x006E
(3086) 0070  0000000001110000 (  63)                 .FILL x0070
(3087) 0075  0000000001110101 (  63)                 .FILL x0075
(3088) 0074  0000000001110100 (  63)                 .FILL x0074
(3089) 0020  0000000000100000 (  63)                 .FILL x0020
(308A) 0061  0000000001100001 (  63)                 .FILL x0061
(308B) 0020  0000000000100000 (  63)                 .FILL x0020
(308C) 006E  0000000001101110 (  63)                 .FILL x006E
(308D) 0075  0000000001110101 (  63)                 .FILL x0075
(308E) 006D  0000000001101101 (  63)                 .FILL x006D
(308F) 0062  0000000001100010 (  63)                 .FILL x0062
(3090) 0065  0000000001100101 (  63)                 .FILL x0065
(3091) 0072  0000000001110010 (  63)                 .FILL x0072
(3092) 0020  0000000000100000 (  63)                 .FILL x0020
(3093) 0076  0000000001110110 (  63)                 .FILL x0076
(3094) 0061  0000000001100001 (  63)                 .FILL x0061
(3095) 006C  0000000001101100 (  63)                 .FILL x006C
(3096) 0075  0000000001110101 (  63)                 .FILL x0075
(3097) 0065  0000000001100101 (  63)                 .FILL x0065
(3098) 0020  0000000000100000 (  63)                 .FILL x0020
(3099) 0066  0000000001100110 (  63)                 .FILL x0066
(309A) 006F  0000000001101111 (  63)                 .FILL x006F
(309B) 0072  0000000001110010 (  63)                 .FILL x0072
(309C) 0020  0000000000100000 (  63)                 .FILL x0020
(309D) 0074  0000000001110100 (  63)                 .FILL x0074
(309E) 0068  0000000001101000 (  63)                 .FILL x0068
(309F) 0065  0000000001100101 (  63)                 .FILL x0065
(30A0) 0020  0000000000100000 (  63)                 .FILL x0020
(30A1) 0076  0000000001110110 (  63)                 .FILL x0076
(30A2) 0061  0000000001100001 (  63)                 .FILL x0061
(30A3) 0072  0000000001110010 (  63)                 .FILL x0072
(30A4) 0069  0000000001101001 (  63)                 .FILL x0069
(30A5) 0061  0000000001100001 (  63)                 .FILL x0061
(30A6) 0062  0000000001100010 (  63)                 .FILL x0062
(30A7) 006C  0000000001101100 (  63)                 .FILL x006C
(30A8) 0065  0000000001100101 (  63)                 .FILL x0065
(30A9) 0020  0000000000100000 (  63)                 .FILL x0020
(30AA) 0042  0000000001000010 (  63)                 .FILL x0042
(30AB) 0020  0000000000100000 (  63)                 .FILL x0020
(30AC) 0070  0000000001110000 (  63)                 .FILL x0070
(30AD) 006C  0000000001101100 (  63)                 .FILL x006C
(30AE) 0065  0000000001100101 (  63)                 .FILL x0065
(30AF) 0061  0000000001100001 (  63)                 .FILL x0061
(30B0) 0073  0000000001110011 (  63)                 .FILL x0073
(30B1) 0065  0000000001100101 (  63)                 .FILL x0065
(30B2) 0020  0000000000100000 (  63)                 .FILL x0020
(30B3) 0065  0000000001100101 (  63)                 .FILL x0065
(30B4) 006E  0000000001101110 (  63)                 .FILL x006E
(30B5) 0074  0000000001110100 (  63)                 .FILL x0074
(30B6) 0065  0000000001100101 (  63)                 .FILL x0065
(30B7) 0072  0000000001110010 (  63)                 .FILL x0072
(30B8) 0020  0000000000100000 (  63)                 .FILL x0020
(30B9) 0064  0000000001100100 (  63)                 .FILL x0064
(30BA) 0069  0000000001101001 (  63)                 .FILL x0069
(30BB) 0067  0000000001100111 (  63)                 .FILL x0067
(30BC) 0069  0000000001101001 (  63)                 .FILL x0069
(30BD) 0074  0000000001110100 (  63)                 .FILL x0074
(30BE) 0073  0000000001110011 (  63)                 .FILL x0073
(30BF) 0020  0000000000100000 (  63)                 .FILL x0020
(30C0) 0066  0000000001100110 (  63)                 .FILL x0066
(30C1) 006F  0000000001101111 (  63)                 .FILL x006F
(30C2) 006C  0000000001101100 (  63)                 .FILL x006C
(30C3) 006C  0000000001101100 (  63)                 .FILL x006C
(30C4) 006F  0000000001101111 (  63)                 .FILL x006F
(30C5) 0077  0000000001110111 (  63)                 .FILL x0077
(30C6) 0065  0000000001100101 (  63)                 .FILL x0065
(30C7) 0064  0000000001100100 (  63)                 .FILL x0064
(30C8) 0020  0000000000100000 (  63)                 .FILL x0020
(30C9) 0062  0000000001100010 (  63)                 .FILL x0062
(30CA) 0079  0000000001111001 (  63)                 .FILL x0079
(30CB) 0020  0000000000100000 (  63)                 .FILL x0020
(30CC) 005B  0000000001011011 (  63)                 .FILL x005B
(30CD) 0045  0000000001000101 (  63)                 .FILL x0045
(30CE) 006E  0000000001101110 (  63)                 .FILL x006E
(30CF) 0074  0000000001110100 (  63)                 .FILL x0074
(30D0) 0065  0000000001100101 (  63)                 .FILL x0065
(30D1) 0072  0000000001110010 (  63)                 .FILL x0072
(30D2) 005D  0000000001011101 (  63)                 .FILL x005D
(30D3) 003A  0000000000111010 (  63)                 .FILL x003A
(30D4) 0020  0000000000100000 (  63)                 .FILL x0020
(30D5) 0000  0000000000000000 (  63)                 .FILL x0000
