(0000) 3000  0011000000000000 (   4)                 .ORIG x3000
(3000) 2810  0010100000010000 (   5)                 LD    R4 ASCII
(3001) 2610  0010011000010000 (   6)                 LD    R3 NEGASCII
(3002) A206  1010001000000110 (   9) START           LDI   R1 A
(3003) 07FE  0000011111111110 (  10)                 BRZP  START
(3004) A005  1010000000000101 (  12)                 LDI   R0 B
(3005) 1004  0001000000000100 (  13)                 ADD   R0 R0 R4
(3006) 1003  0001000000000011 (  14)                 ADD   R0 R0 R3
(3007) F021  1111000000100001 (  15)                 TRAP  x21
(3008) 0E02  0000111000000010 (  17)                 BRNZP NEXT_TASK
(3009) FE00  1111111000000000 (  18) A               .FILL xFE00
(300A) FE02  1111111000000010 (  19) B               .FILL xFE02
(300B) A3FD  1010001111111101 (  22) NEXT_TASK       LDI   R1 A
(300C) 07FE  0000011111111110 (  24)                 BRZP  NEXT_TASK
(300D) B1FC  1011000111111100 (  25)                 STI   R0 B
(300E) FE04  1111111000000100 (  27) C               .FILL xFE04
(300F) FE06  1111111000000110 (  28) D               .FILL xFE06
(3010) F025  1111000000100101 (  30)                 TRAP  x25
(3011) 0030  0000000000110000 (  32) ASCII           .FILL x0030
(3012) FFD0  1111111111010000 (  33) NEGASCII        .FILL xFFD0
